<?xml version="1.0" encoding="UTF-8"?>
<testsuite xmlns:xsi="http://www.w3.org/2001/XMLSchema-instance" xsi:noNamespaceSchemaLocation="https://maven.apache.org/surefire/maven-surefire-plugin/xsd/surefire-test-report-3.0.xsd" version="3.0" name="com.itxingchen.UserServiceTest" time="0.133" tests="5" errors="0" skipped="0" failures="0">
  <properties>
[...]
</properties>
  <testcase name="testGetGender2(String)[1]" classname="com.itxingchen.UserServiceTest" time="0.043">
    <system-out><![CDATA[before all ...
before...
after...
]]></system-out>
  </testcase>
  <testcase name="testGetGender2(String)[2]" classname="com.itxingchen.UserServiceTest" time="0.001">
    <system-out><![CDATA[before...
after...
]]></system-out>
  </testcase>
  <testcase name="testGetGender2(String)[3]" classname="com.itxingchen.UserServiceTest" time="0.002">
    <system-out><![CDATA[before...
after...
]]></system-out>
  </testcase>
  <testcase name="testGetGender" classname="com.itxingchen.UserServiceTest" time="0.002">
    <system-out><![CDATA[before...
男
after...
]]></system-out>
  </testcase>
  <testcase name="testGetAge" classname="com.itxingchen.UserServiceTest" time="0.01">
    <system-out><![CDATA[before...
20
after...
]]></system-out>
  </testcase>
</testsuite>