<?xml version="1.0" encoding="UTF-8"?>
<testsuite xmlns:xsi="http://www.w3.org/2001/XMLSchema-instance" xsi:noNamespaceSchemaLocation="https://maven.apache.org/surefire/maven-surefire-plugin/xsd/surefire-test-report.xsd" version="3.0.2" name="com.itxingchen.SpringbootWebQuickstartApplicationTests" time="3.231" tests="1" errors="0" skipped="0" failures="0">
  <properties>
[...]
</properties>
  <testcase name="contextLoads" classname="com.itxingchen.SpringbootWebQuickstartApplicationTests" time="0.925">
    <system-out><![CDATA[20:50:18.212 [main] INFO org.springframework.test.context.support.AnnotationConfigContextLoaderUtils -- Could not detect default configuration classes for test class [com.itxingchen.SpringbootWebQuickstartApplicationTests]: SpringbootWebQuickstartApplicationTests does not declare any static, non-private, non-final, nested classes annotated with @Configuration.
20:50:18.353 [main] INFO org.springframework.boot.test.context.SpringBootTestContextBootstrapper -- Found @SpringBootConfiguration com.itxingchen.SpringbootWebQuickstartApplication for test class com.itxingchen.SpringbootWebQuickstartApplicationTests

  .   ____          _            __ _ _
 /\\ / ___'_ __ _ _(_)_ __  __ _ \ \ \ \
( ( )\___ | '_ | '_| | '_ \/ _` | \ \ \ \
 \\/  ___)| |_)| | | | | || (_| |  ) ) ) )
  '  |____| .__|_| |_|_| |_\__, | / / / /
 =========|_|==============|___/=/_/_/_/

 :: Spring Boot ::                (v3.5.3)

2025-07-05T20:50:18.951+08:00  INFO 9344 --- [springboot-web-quickstart] [           main] .SpringbootWebQuickstartApplicationTests : Starting SpringbootWebQuickstartApplicationTests using Java 17.0.1 with PID 9344 (started by ZhuanZ（无密码） in D:\Users\ZhuanZ\Desktop\javawbeai\JavaWebAi1\springboot-web-quickstart)
2025-07-05T20:50:18.956+08:00  INFO 9344 --- [springboot-web-quickstart] [           main] .SpringbootWebQuickstartApplicationTests : No active profile set, falling back to 1 default profile: "default"
2025-07-05T20:50:20.339+08:00  INFO 9344 --- [springboot-web-quickstart] [           main] .SpringbootWebQuickstartApplicationTests : Started SpringbootWebQuickstartApplicationTests in 1.791 seconds (process running for 2.859)
]]></system-out>
  </testcase>
</testsuite>